#
# A fatal error has been detected by the Java Runtime Environment:
#
#  EXCEPTION_ACCESS_VIOLATION (0xc0000005) at pc=0x00007ff8cf08d8b6, pid=9340, tid=6200
#
# JRE version: Java(TM) SE Runtime Environment (17.0.12+8) (build 17.0.12+8-LTS-286)
# Java VM: Java HotSpot(TM) 64-Bit Server VM (17.0.12+8-LTS-286, mixed mode, sharing, tiered, compressed oops, compressed class ptrs, g1 gc, windows-amd64)
# Problematic frame:
# V  [jvm.dll+0x1ad8b6]
#
# No core dump will be written. Minidumps are not enabled by default on client versions of Windows
#
# If you would like to submit a bug report, please visit:
#   https://bugreport.java.com/bugreport/crash.jsp
#

---------------  S U M M A R Y ------------

Command Line: -Dclassworlds.conf=C:\Program Files\NetBeans-24\netbeans\java\maven\bin\m2.conf -Dmaven.home=C:\Program Files\NetBeans-24\netbeans\java\maven -Dlibrary.jansi.path=C:\Program Files\NetBeans-24\netbeans\java\maven\lib\jansi-native -Dmaven.multiModuleProjectDirectory=C:\Users\Adrian\Documents\NetBeansProjects\guia-Corte2 org.codehaus.plexus.classworlds.launcher.Launcher -Dexec.vmArgs= -Dexec.args=${exec.vmArgs} -classpath %classpath ${exec.mainClass} ${exec.appArgs} -Dexec.executable=C:\Program Files\Java\jdk-17\bin\java.exe -Dexec.mainClass=Guiados_03.CuadrosDeLista -Dexec.classpathScope=runtime -Dexec.appArgs= -Dmaven.ext.class.path=C:\Program Files\NetBeans-24\netbeans\java\maven-nblib\netbeans-eventspy.jar --no-transfer-progress process-classes org.codehaus.mojo:exec-maven-plugin:3.1.0:exec

Host: Intel(R) Core(TM) i3-5005U CPU @ 2.00GHz, 4 cores, 7G,  Windows 10 , 64 bit Build 19041 (10.0.19041.5438)
Time: Mon Mar 31 18:31:02 2025 Hora est. Pacífico, Sudamérica elapsed time: 5.779030 seconds (0d 0h 0m 5s)

---------------  T H R E A D  ---------------

Current thread (0x0000021bf84efd10):  GCTaskThread "GC Thread#2" [stack: 0x000000bac5700000,0x000000bac5800000] [id=6200]

Stack: [0x000000bac5700000,0x000000bac5800000],  sp=0x000000bac57ff3c8,  free space=1020k
Native frames: (J=compiled Java code, j=interpreted, Vv=VM code, C=native code)
V  [jvm.dll+0x1ad8b6]


siginfo: EXCEPTION_ACCESS_VIOLATION (0xc0000005), reading address 0x0000021c0923a3e8


Registers:
RAX=0x0000000000000000, RBX=0x0000000000000001, RCX=0x000000008923a3b8, RDX=0x000000008923a3b8
RSP=0x000000bac57ff3c8, RBP=0x000000000000018c, RSI=0x0000000084700c18, RDI=0x000000008923a3b8
R8 =0x000000008923a3b8, R9 =0x0000021c0923a3e0, R10=0x000000008923a3b8, R11=0x00007ff92f3715e3
R12=0x000000bac57ff6d0, R13=0x0000021bd61191c0, R14=0x0000021bf3d638f0, R15=0x0000021c0923a3e0
RIP=0x00007ff8cf08d8b6, EFLAGS=0x0000000000010202


Register to memory mapping:

RIP=0x00007ff8cf08d8b6 jvm.dll
RAX=0x0 is NULL
RBX=0x0000000000000001 is an unknown value
RCX=0x000000008923a3b8 is pointing into object: java.lang.reflect.Method 
{0x000000008923a388} - klass: 'java/lang/reflect/Method'
 - ---- fields (total size 11 words):
 - 'override' 'Z' @12  false
 - volatile 'accessCheckCache' 'Ljava/lang/Object;' @16  NULL (0)
 - private volatile transient 'hasRealParameterData' 'Z' @13  false
 - private volatile transient 'parameters' '[Ljava/lang/reflect/Parameter;' @20  NULL (0)
 - private volatile transient 'declaredAnnotations' 'Ljava/util/Map;' @24  NULL (0)
 - private 'slot' 'I' @28  3
 - private synchronized 'modifiers' 'I' @32  12 (c)
 - private synchronized 'clazz' 'Ljava/lang/Class;' @36  a 'java/lang/Class'{0x0000000087414b90} = 'org/eclipse/aether/internal/impl/collect/DependencyCollectorDelegate' (87414b90)
 - private 'name' 'Ljava/lang/String;' @40  "getRemoteRepositories"{0x000000008923a348} (8923a348)
 - private 'returnType' 'Ljava/lang/Class;' @44  a 'java/lang/Class'{0x000000008156eac8} = 'java/util/List' (8156eac8)
 - private 'parameterTypes' '[Ljava/lang/Class;' @48  a 'java/lang/Class'[2] {0x000000008923a330} (8923a330)
 - private 'exceptionTypes' '[Ljava/lang/Class;' @52  a 'java/lang/Class'[0] {0x0000000081538388} (81538388)
 - private transient 'signature' 'Ljava/lang/String;' @56  "(Lorg/eclipse/aether/repository/ArtifactRepository;Ljava/util/List<Lorg/eclipse/aether/repository/RemoteRepository;>;)Ljava/util/List<Lorg/eclipse/aether/repository/RemoteRepository;>;"{0x000000008923a3e0} (8923a3e0)
 - private transient 'genericInfo' 'Lsun/reflect/generics/repository/MethodRepository;' @60  NULL (0)
 - private 'annotations' '[B' @64  NULL (0)
 - private 'parameterAnnotations' '[B' @68  NULL (0)
 - private 'annotationDefault' '[B' @72  NULL (0)
 - private volatile 'methodAccessor' 'Ljdk/internal/reflect/MethodAccessor;' @76  NULL (0)
 - private 'root' 'Ljava/lang/reflect/Method;' @80  NULL (0)
RDX=0x000000008923a3b8 is pointing into object: java.lang.reflect.Method 
{0x000000008923a388} - klass: 'java/lang/reflect/Method'
 - ---- fields (total size 11 words):
 - 'override' 'Z' @12  false
 - volatile 'accessCheckCache' 'Ljava/lang/Object;' @16  NULL (0)
 - private volatile transient 'hasRealParameterData' 'Z' @13  false
 - private volatile transient 'parameters' '[Ljava/lang/reflect/Parameter;' @20  NULL (0)
 - private volatile transient 'declaredAnnotations' 'Ljava/util/Map;' @24  NULL (0)
 - private 'slot' 'I' @28  3
 - private synchronized 'modifiers' 'I' @32  12 (c)
 - private synchronized 'clazz' 'Ljava/lang/Class;' @36  a 'java/lang/Class'{0x0000000087414b90} = 'org/eclipse/aether/internal/impl/collect/DependencyCollectorDelegate' (87414b90)
 - private 'name' 'Ljava/lang/String;' @40  "getRemoteRepositories"{0x000000008923a348} (8923a348)
 - private 'returnType' 'Ljava/lang/Class;' @44  a 'java/lang/Class'{0x000000008156eac8} = 'java/util/List' (8156eac8)
 - private 'parameterTypes' '[Ljava/lang/Class;' @48  a 'java/lang/Class'[2] {0x000000008923a330} (8923a330)
 - private 'exceptionTypes' '[Ljava/lang/Class;' @52  a 'java/lang/Class'[0] {0x0000000081538388} (81538388)
 - private transient 'signature' 'Ljava/lang/String;' @56  "(Lorg/eclipse/aether/repository/ArtifactRepository;Ljava/util/List<Lorg/eclipse/aether/repository/RemoteRepository;>;)Ljava/util/List<Lorg/eclipse/aether/repository/RemoteRepository;>;"{0x000000008923a3e0} (8923a3e0)
 - private transient 'genericInfo' 'Lsun/reflect/generics/repository/MethodRepository;' @60  NULL (0)
 - private 'annotations' '[B' @64  NULL (0)
 - private 'parameterAnnotations' '[B' @68  NULL (0)
 - private 'annotationDefault' '[B' @72  NULL (0)
 - private volatile 'methodAccessor' 'Ljdk/internal/reflect/MethodAccessor;' @76  NULL (0)
 - private 'root' 'Ljava/lang/reflect/Method;' @80  NULL (0)
RSP=0x000000bac57ff3c8 points into unknown readable memory: 0x00007ff8cf1e3d4c | 4c 3d 1e cf f8 7f 00 00
RBP=0x000000000000018c is an unknown value
RSI=0x0000000084700c18 is pointing into object: java.lang.Class$ReflectionData 
{0x0000000084700c08} - klass: 'java/lang/Class$ReflectionData'
 - ---- fields (total size 8 words):
 - final 'redefinedCount' 'I' @12  0
 - volatile 'declaredFields' '[Ljava/lang/reflect/Field;' @16  
[error occurred during error reporting (printing register info), id 0xc0000005, EXCEPTION_ACCESS_VIOLATION (0xc0000005) at pc=0x00007ff8cf546c53]

Top of Stack: (sp=0x000000bac57ff3c8)
0x000000bac57ff3c8:   00007ff8cf1e3d4c 0000000000000000
0x000000bac57ff3d8:   0000000087414f00 0000000000000002
0x000000bac57ff3e8:   0000000000000000 0000000000000000
0x000000bac57ff3f8:   00007ff800000000 0000000000000009
0x000000bac57ff408:   0000021bd61e7fa0 00000000815205e8
0x000000bac57ff418:   00007ff8cf1ea129 0000021bf3d63a70
0x000000bac57ff428:   0000000000000000 0000000000000040
0x000000bac57ff438:   0000021bd61191c0 000000bac57ff6d0
0x000000bac57ff448:   0000021bf3d638f0 0000000084700c18
0x000000bac57ff458:   000000000000018c 0000000084700c19
0x000000bac57ff468:   00007ff8cf1e4c42 00000000875c0000
0x000000bac57ff478:   0000000000000001 0000000000000010
0x000000bac57ff488:   815383888923a330 0000021becdf0900
0x000000bac57ff498:   0000000000000001 0000000000000040
0x000000bac57ff4a8:   000000bac57ff6d0 0000000081520400
0x000000bac57ff4b8:   00007ff8cf1e190e 000000008151c200 

Instructions: (pc=0x00007ff8cf08d8b6)
0x00007ff8cf08d7b6:   0f 28 44 24 20 0f 11 86 f8 02 00 00 48 8b 5c 24
0x00007ff8cf08d7c6:   40 48 8b 74 24 48 48 83 c4 30 5f c3 48 8b 07 48
0x00007ff8cf08d7d6:   8d 54 24 20 48 8b cf ff 50 38 48 8b 5c 24 40 48
0x00007ff8cf08d7e6:   8b 74 24 48 48 83 c4 30 5f c3 48 89 5c 24 08 57
0x00007ff8cf08d7f6:   48 83 ec 30 48 8b 02 48 8b f9 48 8b ca 48 8b da
0x00007ff8cf08d806:   ff 50 38 84 c0 74 3c 48 83 bb 00 03 00 00 00 74
0x00007ff8cf08d816:   32 0f 10 83 f8 02 00 00 48 8b 07 48 8d 54 24 20
0x00007ff8cf08d826:   48 8b cf 0f 29 44 24 20 ff 50 40 33 c0 48 89 44
0x00007ff8cf08d836:   24 20 48 89 44 24 28 0f 28 44 24 20 0f 11 83 f8
0x00007ff8cf08d846:   02 00 00 48 8b 5c 24 40 48 83 c4 30 5f c3 cc cc
0x00007ff8cf08d856:   cc cc cc cc cc cc cc cc cc cc 48 8b 49 40 48 8b
0x00007ff8cf08d866:   01 48 ff 60 28 cc cc cc cc cc 80 3d e1 b6 95 00
0x00007ff8cf08d876:   00 48 8b c1 74 1b 8b 51 08 8b 0d 43 3a 8f 00 48
0x00007ff8cf08d886:   d3 e2 48 8b c8 48 03 15 2e 3a 8f 00 e9 19 00 00
0x00007ff8cf08d896:   00 48 8b 51 08 48 8b c8 e9 0d 00 00 00 cc cc cc
0x00007ff8cf08d8a6:   cc cc cc cc cc cc cc cc cc cc 4c 8b ca 48 8b d1
0x00007ff8cf08d8b6:   45 8b 41 08 45 85 c0 7e 0e 41 f6 c0 01 75 56 41
0x00007ff8cf08d8c6:   c1 f8 03 41 8b c0 c3 79 4c 80 3d 82 b6 95 00 00
0x00007ff8cf08d8d6:   b8 0c 00 00 00 b9 10 00 00 00 0f 45 c8 8b 05 fb
0x00007ff8cf08d8e6:   48 8f 00 ff c8 4c 63 c8 48 63 14 11 41 8b c8 83
0x00007ff8cf08d8f6:   e1 3f 48 d3 e2 41 8b c8 48 c1 f9 10 0f b6 c1 49
0x00007ff8cf08d906:   8d 0c 11 49 f7 d1 48 03 c1 49 c1 e9 03 48 c1 e8
0x00007ff8cf08d916:   03 41 23 c1 c3 49 8b 01 49 8b c9 48 ff a0 00 01
0x00007ff8cf08d926:   00 00 cc cc cc cc cc cc cc cc 48 83 ec 38 0f 10
0x00007ff8cf08d936:   02 48 8b 49 40 48 8d 54 24 20 0f 29 44 24 20 e8
0x00007ff8cf08d946:   86 f2 ff ff 48 83 c4 38 c3 cc 48 83 ec 38 0f 10
0x00007ff8cf08d956:   02 48 8b 01 48 8d 54 24 20 0f 29 44 24 20 ff 50
0x00007ff8cf08d966:   38 48 83 c4 38 c3 cc cc cc cc 48 89 5c 24 08 55
0x00007ff8cf08d976:   56 57 41 54 41 55 41 56 41 57 48 8d 6c 24 e0 48
0x00007ff8cf08d986:   81 ec 20 01 00 00 48 8b 05 35 38 92 00 48 33 c4
0x00007ff8cf08d996:   48 89 45 10 48 8b 05 af ac 94 00 45 33 ed 4c 8b
0x00007ff8cf08d9a6:   b5 80 00 00 00 4c 8b fa 48 8b bd 88 00 00 00 4d 


Stack slot to memory mapping:
stack at sp + 0 slots: 0x00007ff8cf1e3d4c jvm.dll
stack at sp + 1 slots: 0x0 is NULL
stack at sp + 2 slots: 0x0000000087414f00 is an oop: java.lang.Class$ReflectionData 
{0x0000000087414f00} - klass: 'java/lang/Class$ReflectionData'
 - ---- fields (total size 8 words):
 - final 'redefinedCount' 'I' @12  0
 - volatile 'declaredFields' '[Ljava/lang/reflect/Field;' @16  
[error occurred during error reporting (inspecting top of stack), id 0xc0000005, EXCEPTION_ACCESS_VIOLATION (0xc0000005) at pc=0x00007ff8cf546c53]


---------------  P R O C E S S  ---------------

Threads class SMR info:
_java_thread_list=0x0000021bf8c00160, length=13, elements={
0x0000021bd612b990, 0x0000021bf39db8d0, 0x0000021bf39e0820, 0x0000021bf39f4580,
0x0000021bf39f4a60, 0x0000021bf39f56e0, 0x0000021bf39f6970, 0x0000021bf39feee0,
0x0000021bf3a02420, 0x0000021bf3a02940, 0x0000021bf3c4f2a0, 0x0000021bf3c56250,
0x0000021bf8116520
}

Java Threads: ( => current thread )
  0x0000021bd612b990 JavaThread "main" [_thread_blocked, id=1176, stack(0x000000bac4300000,0x000000bac4400000)]
  0x0000021bf39db8d0 JavaThread "Reference Handler" daemon [_thread_blocked, id=5584, stack(0x000000bac4a00000,0x000000bac4b00000)]
  0x0000021bf39e0820 JavaThread "Finalizer" daemon [_thread_blocked, id=3520, stack(0x000000bac4b00000,0x000000bac4c00000)]
  0x0000021bf39f4580 JavaThread "Signal Dispatcher" daemon [_thread_blocked, id=1464, stack(0x000000bac4c00000,0x000000bac4d00000)]
  0x0000021bf39f4a60 JavaThread "Attach Listener" daemon [_thread_blocked, id=8436, stack(0x000000bac4d00000,0x000000bac4e00000)]
  0x0000021bf39f56e0 JavaThread "Service Thread" daemon [_thread_blocked, id=9784, stack(0x000000bac4e00000,0x000000bac4f00000)]
  0x0000021bf39f6970 JavaThread "Monitor Deflation Thread" daemon [_thread_blocked, id=10632, stack(0x000000bac4f00000,0x000000bac5000000)]
  0x0000021bf39feee0 JavaThread "C2 CompilerThread0" daemon [_thread_blocked, id=9312, stack(0x000000bac5000000,0x000000bac5100000)]
  0x0000021bf3a02420 JavaThread "C1 CompilerThread0" daemon [_thread_blocked, id=10268, stack(0x000000bac5100000,0x000000bac5200000)]
  0x0000021bf3a02940 JavaThread "Sweeper thread" daemon [_thread_blocked, id=9788, stack(0x000000bac5200000,0x000000bac5300000)]
  0x0000021bf3c4f2a0 JavaThread "Notification Thread" daemon [_thread_blocked, id=8660, stack(0x000000bac5300000,0x000000bac5400000)]
  0x0000021bf3c56250 JavaThread "Common-Cleaner" daemon [_thread_blocked, id=9352, stack(0x000000bac5500000,0x000000bac5600000)]
  0x0000021bf8116520 JavaThread "C2 CompilerThread1" daemon [_thread_blocked, id=7700, stack(0x000000bac5a00000,0x000000bac5b00000)]

Other Threads:
  0x0000021bf39d3e40 VMThread "VM Thread" [stack: 0x000000bac4900000,0x000000bac4a00000] [id=10300]
  0x0000021bf3c4ffa0 WatcherThread [stack: 0x000000bac5400000,0x000000bac5500000] [id=9860]
  0x0000021bd6186130 GCTaskThread "GC Thread#0" [stack: 0x000000bac4400000,0x000000bac4500000] [id=7112]
  0x0000021bf84efa50 GCTaskThread "GC Thread#1" [stack: 0x000000bac5600000,0x000000bac5700000] [id=9532]
=>0x0000021bf84efd10 GCTaskThread "GC Thread#2" [stack: 0x000000bac5700000,0x000000bac5800000] [id=6200]
  0x0000021bf84f4240 GCTaskThread "GC Thread#3" [stack: 0x000000bac5800000,0x000000bac5900000] [id=10588]
  0x0000021bd6197c20 ConcurrentGCThread "G1 Main Marker" [stack: 0x000000bac4500000,0x000000bac4600000] [id=10916]
  0x0000021bd6199800 ConcurrentGCThread "G1 Conc#0" [stack: 0x000000bac4600000,0x000000bac4700000] [id=3040]
  0x0000021bd61fda40 ConcurrentGCThread "G1 Refine#0" [stack: 0x000000bac4700000,0x000000bac4800000] [id=404]
  0x0000021bf83a8c00 ConcurrentGCThread "G1 Refine#1" [stack: 0x000000bac5900000,0x000000bac5a00000] [id=7752]
  0x0000021bd61fde90 ConcurrentGCThread "G1 Service" [stack: 0x000000bac4800000,0x000000bac4900000] [id=8208]

Threads with active compile tasks:

VM state: at safepoint (normal execution)

VM Mutex/Monitor currently owned by a thread:  ([mutex/lock_event])
[0x0000021bd6126fc0] Threads_lock - owner thread: 0x0000021bf39d3e40
[0x0000021bd6126b40] Heap_lock - owner thread: 0x0000021bd612b990

Heap address: 0x0000000081400000, size: 2028 MB, Compressed Oops mode: 32-bit

CDS archive(s) mapped at: [0x0000021b80000000-0x0000021b80bd0000-0x0000021b80bd0000), size 12386304, SharedBaseAddress: 0x0000021b80000000, ArchiveRelocationMode: 1.
Compressed class space mapped at: 0x0000021b81000000-0x0000021bc1000000, reserved size: 1073741824
Narrow klass base: 0x0000021b80000000, Narrow klass shift: 0, Narrow klass range: 0x100000000

GC Precious Log:
 CPUs: 4 total, 4 available
 Memory: 8110M
 Large Page Support: Disabled
 NUMA Support: Disabled
 Compressed Oops: Enabled (32-bit)
 Heap Region Size: 1M
 Heap Min Capacity: 8M
 Heap Initial Capacity: 128M
 Heap Max Capacity: 2028M
 Pre-touch: Disabled
 Parallel Workers: 4
 Concurrent Workers: 1
 Concurrent Refinement Workers: 4
 Periodic GC: Disabled

Heap:
 garbage-first heap   total 131072K, used 79039K [0x0000000081400000, 0x0000000100000000)
  region size 1024K, 78 young (79872K), 10 survivors (10240K)
 Metaspace       used 21250K, committed 21504K, reserved 1114112K
  class space    used 2581K, committed 2752K, reserved 1048576K

Heap Regions: E=young(eden), S=young(survivor), O=old, HS=humongous(starts), HC=humongous(continues), CS=collection set, F=free, OA=open archive, CA=closed archive, TAMS=top-at-mark-start (previous, next)
|   0|0x0000000081400000, 0x0000000081500000, 0x0000000081500000|100%| O|  |TAMS 0x0000000081400000, 0x0000000081500000| Untracked 
|   1|0x0000000081500000, 0x0000000081600000, 0x0000000081600000|100%| O|  |TAMS 0x0000000081500000, 0x0000000081600000| Untracked 
|   2|0x0000000081600000, 0x0000000081700000, 0x0000000081700000|100%| O|  |TAMS 0x0000000081600000, 0x0000000081700000| Untracked 
|   3|0x0000000081700000, 0x0000000081722a00, 0x0000000081800000| 13%| O|  |TAMS 0x0000000081700000, 0x0000000081722a00| Untracked 
|   4|0x0000000081800000, 0x0000000081900000, 0x0000000081900000|100%|HS|  |TAMS 0x0000000081800000, 0x0000000081900000| Complete 
|   5|0x0000000081900000, 0x0000000081a00000, 0x0000000081a00000|100%|HC|  |TAMS 0x0000000081900000, 0x0000000081a00000| Complete 
|   6|0x0000000081a00000, 0x0000000081b00000, 0x0000000081b00000|100%|HS|  |TAMS 0x0000000081a00000, 0x0000000081b00000| Complete 
|   7|0x0000000081b00000, 0x0000000081c00000, 0x0000000081c00000|100%|HC|  |TAMS 0x0000000081b00000, 0x0000000081c00000| Complete 
|   8|0x0000000081c00000, 0x0000000081c00000, 0x0000000081d00000|  0%| F|  |TAMS 0x0000000081c00000, 0x0000000081c00000| Untracked 
|   9|0x0000000081d00000, 0x0000000081d00000, 0x0000000081e00000|  0%| F|  |TAMS 0x0000000081d00000, 0x0000000081d00000| Untracked 
|  10|0x0000000081e00000, 0x0000000081e00000, 0x0000000081f00000|  0%| F|  |TAMS 0x0000000081e00000, 0x0000000081e00000| Untracked 
|  11|0x0000000081f00000, 0x0000000081f00000, 0x0000000082000000|  0%| F|  |TAMS 0x0000000081f00000, 0x0000000081f00000| Untracked 
|  12|0x0000000082000000, 0x0000000082000000, 0x0000000082100000|  0%| F|  |TAMS 0x0000000082000000, 0x0000000082000000| Untracked 
|  13|0x0000000082100000, 0x0000000082100000, 0x0000000082200000|  0%| F|  |TAMS 0x0000000082100000, 0x0000000082100000| Untracked 
|  14|0x0000000082200000, 0x0000000082200000, 0x0000000082300000|  0%| F|  |TAMS 0x0000000082200000, 0x0000000082200000| Untracked 
|  15|0x0000000082300000, 0x0000000082300000, 0x0000000082400000|  0%| F|  |TAMS 0x0000000082300000, 0x0000000082300000| Untracked 
|  16|0x0000000082400000, 0x0000000082400000, 0x0000000082500000|  0%| F|  |TAMS 0x0000000082400000, 0x0000000082400000| Untracked 
|  17|0x0000000082500000, 0x0000000082500000, 0x0000000082600000|  0%| F|  |TAMS 0x0000000082500000, 0x0000000082500000| Untracked 
|  18|0x0000000082600000, 0x0000000082600000, 0x0000000082700000|  0%| F|  |TAMS 0x0000000082600000, 0x0000000082600000| Untracked 
|  19|0x0000000082700000, 0x0000000082700000, 0x0000000082800000|  0%| F|  |TAMS 0x0000000082700000, 0x0000000082700000| Untracked 
|  20|0x0000000082800000, 0x0000000082800000, 0x0000000082900000|  0%| F|  |TAMS 0x0000000082800000, 0x0000000082800000| Untracked 
|  21|0x0000000082900000, 0x0000000082900000, 0x0000000082a00000|  0%| F|  |TAMS 0x0000000082900000, 0x0000000082900000| Untracked 
|  22|0x0000000082a00000, 0x0000000082a00000, 0x0000000082b00000|  0%| F|  |TAMS 0x0000000082a00000, 0x0000000082a00000| Untracked 
|  23|0x0000000082b00000, 0x0000000082b00000, 0x0000000082c00000|  0%| F|  |TAMS 0x0000000082b00000, 0x0000000082b00000| Untracked 
|  24|0x0000000082c00000, 0x0000000082c00000, 0x0000000082d00000|  0%| F|  |TAMS 0x0000000082c00000, 0x0000000082c00000| Untracked 
|  25|0x0000000082d00000, 0x0000000082d00000, 0x0000000082e00000|  0%| F|  |TAMS 0x0000000082d00000, 0x0000000082d00000| Untracked 
|  26|0x0000000082e00000, 0x0000000082e00000, 0x0000000082f00000|  0%| F|  |TAMS 0x0000000082e00000, 0x0000000082e00000| Untracked 
|  27|0x0000000082f00000, 0x0000000082f00000, 0x0000000083000000|  0%| F|  |TAMS 0x0000000082f00000, 0x0000000082f00000| Untracked 
|  28|0x0000000083000000, 0x0000000083000000, 0x0000000083100000|  0%| F|  |TAMS 0x0000000083000000, 0x0000000083000000| Untracked 
|  29|0x0000000083100000, 0x0000000083100000, 0x0000000083200000|  0%| F|  |TAMS 0x0000000083100000, 0x0000000083100000| Untracked 
|  30|0x0000000083200000, 0x0000000083200000, 0x0000000083300000|  0%| F|  |TAMS 0x0000000083200000, 0x0000000083200000| Untracked 
|  31|0x0000000083300000, 0x0000000083300000, 0x0000000083400000|  0%| F|  |TAMS 0x0000000083300000, 0x0000000083300000| Untracked 
|  32|0x0000000083400000, 0x0000000083400000, 0x0000000083500000|  0%| F|  |TAMS 0x0000000083400000, 0x0000000083400000| Untracked 
|  33|0x0000000083500000, 0x0000000083500000, 0x0000000083600000|  0%| F|  |TAMS 0x0000000083500000, 0x0000000083500000| Untracked 
|  34|0x0000000083600000, 0x0000000083600000, 0x0000000083700000|  0%| F|  |TAMS 0x0000000083600000, 0x0000000083600000| Untracked 
|  35|0x0000000083700000, 0x0000000083700000, 0x0000000083800000|  0%| F|  |TAMS 0x0000000083700000, 0x0000000083700000| Untracked 
|  36|0x0000000083800000, 0x0000000083800000, 0x0000000083900000|  0%| F|  |TAMS 0x0000000083800000, 0x0000000083800000| Untracked 
|  37|0x0000000083900000, 0x0000000083900000, 0x0000000083a00000|  0%| F|  |TAMS 0x0000000083900000, 0x0000000083900000| Untracked 
|  38|0x0000000083a00000, 0x0000000083a00000, 0x0000000083b00000|  0%| F|  |TAMS 0x0000000083a00000, 0x0000000083a00000| Untracked 
|  39|0x0000000083b00000, 0x0000000083b00000, 0x0000000083c00000|  0%| F|  |TAMS 0x0000000083b00000, 0x0000000083b00000| Untracked 
|  40|0x0000000083c00000, 0x0000000083c00000, 0x0000000083d00000|  0%| F|  |TAMS 0x0000000083c00000, 0x0000000083c00000| Untracked 
|  41|0x0000000083d00000, 0x0000000083d00000, 0x0000000083e00000|  0%| F|  |TAMS 0x0000000083d00000, 0x0000000083d00000| Untracked 
|  42|0x0000000083e00000, 0x0000000083e00000, 0x0000000083f00000|  0%| F|  |TAMS 0x0000000083e00000, 0x0000000083e00000| Untracked 
|  43|0x0000000083f00000, 0x0000000083f00000, 0x0000000084000000|  0%| F|  |TAMS 0x0000000083f00000, 0x0000000083f00000| Untracked 
|  44|0x0000000084000000, 0x0000000084000000, 0x0000000084100000|  0%| F|  |TAMS 0x0000000084000000, 0x0000000084000000| Untracked 
|  45|0x0000000084100000, 0x0000000084100000, 0x0000000084200000|  0%| F|  |TAMS 0x0000000084100000, 0x0000000084100000| Untracked 
|  46|0x0000000084200000, 0x0000000084200000, 0x0000000084300000|  0%| F|  |TAMS 0x0000000084200000, 0x0000000084200000| Untracked 
|  47|0x0000000084300000, 0x00000000843e1080, 0x0000000084400000| 87%| S|  |TAMS 0x0000000084300000, 0x0000000084300000| Complete 
|  48|0x0000000084400000, 0x0000000084500000, 0x0000000084500000|100%| S|  |TAMS 0x0000000084400000, 0x0000000084400000| Complete 
|  49|0x0000000084500000, 0x0000000084600000, 0x0000000084600000|100%| S|  |TAMS 0x0000000084500000, 0x0000000084500000| Complete 
|  50|0x0000000084600000, 0x0000000084700000, 0x0000000084700000|100%| S|  |TAMS 0x0000000084600000, 0x0000000084600000| Complete 
|  51|0x0000000084700000, 0x0000000084800000, 0x0000000084800000|100%| S|  |TAMS 0x0000000084700000, 0x0000000084700000| Complete 
|  52|0x0000000084800000, 0x0000000084900000, 0x0000000084900000|100%| S|  |TAMS 0x0000000084800000, 0x0000000084800000| Complete 
|  53|0x0000000084900000, 0x0000000084a00000, 0x0000000084a00000|100%| S|  |TAMS 0x0000000084900000, 0x0000000084900000| Complete 
|  54|0x0000000084a00000, 0x0000000084b00000, 0x0000000084b00000|100%| S|  |TAMS 0x0000000084a00000, 0x0000000084a00000| Complete 
|  55|0x0000000084b00000, 0x0000000084c00000, 0x0000000084c00000|100%| S|  |TAMS 0x0000000084b00000, 0x0000000084b00000| Complete 
|  56|0x0000000084c00000, 0x0000000084d00000, 0x0000000084d00000|100%| S|  |TAMS 0x0000000084c00000, 0x0000000084c00000| Complete 
|  57|0x0000000084d00000, 0x0000000084e00000, 0x0000000084e00000|100%| E|CS|TAMS 0x0000000084d00000, 0x0000000084e00000| Complete 
|  58|0x0000000084e00000, 0x0000000084f00000, 0x0000000084f00000|100%| E|CS|TAMS 0x0000000084e00000, 0x0000000084f00000| Complete 
|  59|0x0000000084f00000, 0x0000000085000000, 0x0000000085000000|100%| E|CS|TAMS 0x0000000084f00000, 0x0000000085000000| Complete 
|  60|0x0000000085000000, 0x0000000085100000, 0x0000000085100000|100%| E|CS|TAMS 0x0000000085000000, 0x0000000085100000| Complete 
|  61|0x0000000085100000, 0x0000000085200000, 0x0000000085200000|100%| E|CS|TAMS 0x0000000085100000, 0x0000000085200000| Complete 
|  62|0x0000000085200000, 0x0000000085300000, 0x0000000085300000|100%| E|CS|TAMS 0x0000000085200000, 0x0000000085300000| Complete 
|  63|0x0000000085300000, 0x0000000085400000, 0x0000000085400000|100%| E|CS|TAMS 0x0000000085300000, 0x0000000085400000| Complete 
|  64|0x0000000085400000, 0x0000000085500000, 0x0000000085500000|100%| E|CS|TAMS 0x0000000085400000, 0x0000000085500000| Complete 
|  65|0x0000000085500000, 0x0000000085600000, 0x0000000085600000|100%| E|CS|TAMS 0x0000000085500000, 0x0000000085600000| Complete 
|  66|0x0000000085600000, 0x0000000085700000, 0x0000000085700000|100%| E|CS|TAMS 0x0000000085600000, 0x0000000085700000| Complete 
|  67|0x0000000085700000, 0x0000000085800000, 0x0000000085800000|100%| E|CS|TAMS 0x0000000085700000, 0x0000000085800000| Complete 
|  68|0x0000000085800000, 0x0000000085900000, 0x0000000085900000|100%| E|CS|TAMS 0x0000000085800000, 0x0000000085900000| Complete 
|  69|0x0000000085900000, 0x0000000085a00000, 0x0000000085a00000|100%| E|CS|TAMS 0x0000000085900000, 0x0000000085a00000| Complete 
|  70|0x0000000085a00000, 0x0000000085b00000, 0x0000000085b00000|100%| E|CS|TAMS 0x0000000085a00000, 0x0000000085b00000| Complete 
|  71|0x0000000085b00000, 0x0000000085c00000, 0x0000000085c00000|100%| E|CS|TAMS 0x0000000085b00000, 0x0000000085c00000| Complete 
|  72|0x0000000085c00000, 0x0000000085d00000, 0x0000000085d00000|100%| E|CS|TAMS 0x0000000085c00000, 0x0000000085d00000| Complete 
|  73|0x0000000085d00000, 0x0000000085e00000, 0x0000000085e00000|100%| E|CS|TAMS 0x0000000085d00000, 0x0000000085e00000| Complete 
|  74|0x0000000085e00000, 0x0000000085f00000, 0x0000000085f00000|100%| E|CS|TAMS 0x0000000085e00000, 0x0000000085f00000| Complete 
|  75|0x0000000085f00000, 0x0000000086000000, 0x0000000086000000|100%| E|CS|TAMS 0x0000000085f00000, 0x0000000086000000| Complete 
|  76|0x0000000086000000, 0x0000000086100000, 0x0000000086100000|100%| E|CS|TAMS 0x0000000086000000, 0x0000000086100000| Complete 
|  77|0x0000000086100000, 0x0000000086200000, 0x0000000086200000|100%| E|CS|TAMS 0x0000000086100000, 0x0000000086200000| Complete 
|  78|0x0000000086200000, 0x0000000086300000, 0x0000000086300000|100%| E|CS|TAMS 0x0000000086200000, 0x0000000086300000| Complete 
|  79|0x0000000086300000, 0x0000000086400000, 0x0000000086400000|100%| E|CS|TAMS 0x0000000086300000, 0x0000000086400000| Complete 
|  80|0x0000000086400000, 0x0000000086500000, 0x0000000086500000|100%| E|CS|TAMS 0x0000000086400000, 0x0000000086500000| Complete 
|  81|0x0000000086500000, 0x0000000086600000, 0x0000000086600000|100%| E|CS|TAMS 0x0000000086500000, 0x0000000086600000| Complete 
|  82|0x0000000086600000, 0x0000000086700000, 0x0000000086700000|100%| E|CS|TAMS 0x0000000086600000, 0x0000000086700000| Complete 
|  83|0x0000000086700000, 0x0000000086800000, 0x0000000086800000|100%| E|CS|TAMS 0x0000000086700000, 0x0000000086800000| Complete 
|  84|0x0000000086800000, 0x0000000086900000, 0x0000000086900000|100%| E|CS|TAMS 0x0000000086800000, 0x0000000086900000| Complete 
|  85|0x0000000086900000, 0x0000000086a00000, 0x0000000086a00000|100%| E|CS|TAMS 0x0000000086900000, 0x0000000086a00000| Complete 
|  86|0x0000000086a00000, 0x0000000086b00000, 0x0000000086b00000|100%| E|CS|TAMS 0x0000000086a00000, 0x0000000086b00000| Complete 
|  87|0x0000000086b00000, 0x0000000086c00000, 0x0000000086c00000|100%| E|CS|TAMS 0x0000000086b00000, 0x0000000086c00000| Complete 
|  88|0x0000000086c00000, 0x0000000086d00000, 0x0000000086d00000|100%| E|CS|TAMS 0x0000000086c00000, 0x0000000086d00000| Complete 
|  89|0x0000000086d00000, 0x0000000086e00000, 0x0000000086e00000|100%| E|CS|TAMS 0x0000000086d00000, 0x0000000086e00000| Complete 
|  90|0x0000000086e00000, 0x0000000086f00000, 0x0000000086f00000|100%| E|CS|TAMS 0x0000000086e00000, 0x0000000086f00000| Complete 
|  91|0x0000000086f00000, 0x0000000087000000, 0x0000000087000000|100%| E|CS|TAMS 0x0000000086f00000, 0x0000000087000000| Complete 
|  92|0x0000000087000000, 0x0000000087100000, 0x0000000087100000|100%| E|CS|TAMS 0x0000000087000000, 0x0000000087100000| Complete 
|  93|0x0000000087100000, 0x0000000087200000, 0x0000000087200000|100%| E|CS|TAMS 0x0000000087100000, 0x0000000087200000| Complete 
|  94|0x0000000087200000, 0x0000000087300000, 0x0000000087300000|100%| E|CS|TAMS 0x0000000087200000, 0x0000000087300000| Complete 
|  95|0x0000000087300000, 0x000000008730d450, 0x0000000087400000|  5%| E|CS|TAMS 0x0000000087300000, 0x000000008730d450| Complete 
|  96|0x0000000087400000, 0x0000000087500000, 0x0000000087500000|100%| E|CS|TAMS 0x0000000087400000, 0x0000000087500000| Complete 
|  97|0x0000000087500000, 0x0000000087600000, 0x0000000087600000|100%| E|CS|TAMS 0x0000000087500000, 0x0000000087600000| Complete 
|  98|0x0000000087600000, 0x0000000087700000, 0x0000000087700000|100%| E|CS|TAMS 0x0000000087600000, 0x0000000087700000| Complete 
|  99|0x0000000087700000, 0x0000000087800000, 0x0000000087800000|100%| E|CS|TAMS 0x0000000087700000, 0x0000000087800000| Complete 
| 100|0x0000000087800000, 0x0000000087900000, 0x0000000087900000|100%| E|CS|TAMS 0x0000000087800000, 0x0000000087900000| Complete 
| 101|0x0000000087900000, 0x0000000087a00000, 0x0000000087a00000|100%| E|CS|TAMS 0x0000000087900000, 0x0000000087a00000| Complete 
| 102|0x0000000087a00000, 0x0000000087b00000, 0x0000000087b00000|100%| E|CS|TAMS 0x0000000087a00000, 0x0000000087b00000| Complete 
| 103|0x0000000087b00000, 0x0000000087c00000, 0x0000000087c00000|100%| E|CS|TAMS 0x0000000087b00000, 0x0000000087c00000| Complete 
| 104|0x0000000087c00000, 0x0000000087d00000, 0x0000000087d00000|100%| E|CS|TAMS 0x0000000087c00000, 0x0000000087d00000| Complete 
| 105|0x0000000087d00000, 0x0000000087e00000, 0x0000000087e00000|100%| E|CS|TAMS 0x0000000087d00000, 0x0000000087e00000| Complete 
| 106|0x0000000087e00000, 0x0000000087f00000, 0x0000000087f00000|100%| E|CS|TAMS 0x0000000087e00000, 0x0000000087f00000| Complete 
| 107|0x0000000087f00000, 0x0000000088000000, 0x0000000088000000|100%| E|CS|TAMS 0x0000000087f00000, 0x0000000088000000| Complete 
| 108|0x0000000088000000, 0x0000000088100000, 0x0000000088100000|100%| E|CS|TAMS 0x0000000088000000, 0x0000000088100000| Complete 
| 109|0x0000000088100000, 0x0000000088200000, 0x0000000088200000|100%| E|CS|TAMS 0x0000000088100000, 0x0000000088200000| Complete 
| 110|0x0000000088200000, 0x0000000088300000, 0x0000000088300000|100%| E|CS|TAMS 0x0000000088200000, 0x0000000088300000| Complete 
| 111|0x0000000088300000, 0x0000000088400000, 0x0000000088400000|100%| E|CS|TAMS 0x0000000088300000, 0x0000000088400000| Complete 
| 112|0x0000000088400000, 0x0000000088500000, 0x0000000088500000|100%| E|CS|TAMS 0x0000000088400000, 0x0000000088500000| Complete 
| 113|0x0000000088500000, 0x0000000088600000, 0x0000000088600000|100%| E|CS|TAMS 0x0000000088500000, 0x0000000088600000| Complete 
| 114|0x0000000088600000, 0x0000000088700000, 0x0000000088700000|100%| E|CS|TAMS 0x0000000088600000, 0x0000000088700000| Complete 
| 115|0x0000000088700000, 0x0000000088800000, 0x0000000088800000|100%| E|CS|TAMS 0x0000000088700000, 0x0000000088800000| Complete 
| 116|0x0000000088800000, 0x0000000088900000, 0x0000000088900000|100%| E|CS|TAMS 0x0000000088800000, 0x0000000088900000| Complete 
| 117|0x0000000088900000, 0x0000000088a00000, 0x0000000088a00000|100%| E|CS|TAMS 0x0000000088900000, 0x0000000088a00000| Complete 
| 118|0x0000000088a00000, 0x0000000088b00000, 0x0000000088b00000|100%| E|CS|TAMS 0x0000000088a00000, 0x0000000088b00000| Complete 
| 119|0x0000000088b00000, 0x0000000088c00000, 0x0000000088c00000|100%| E|CS|TAMS 0x0000000088b00000, 0x0000000088c00000| Complete 
| 120|0x0000000088c00000, 0x0000000088d00000, 0x0000000088d00000|100%| E|CS|TAMS 0x0000000088c00000, 0x0000000088d00000| Complete 
| 121|0x0000000088d00000, 0x0000000088e00000, 0x0000000088e00000|100%| E|CS|TAMS 0x0000000088d00000, 0x0000000088e00000| Complete 
| 122|0x0000000088e00000, 0x0000000088f00000, 0x0000000088f00000|100%| E|CS|TAMS 0x0000000088e00000, 0x0000000088f00000| Complete 
| 123|0x0000000088f00000, 0x0000000089000000, 0x0000000089000000|100%| E|CS|TAMS 0x0000000088f00000, 0x0000000089000000| Complete 
| 124|0x0000000089000000, 0x0000000089100000, 0x0000000089100000|100%| E|CS|TAMS 0x0000000089000000, 0x0000000089100000| Complete 
| 125|0x0000000089100000, 0x0000000089200000, 0x0000000089200000|100%| E|CS|TAMS 0x0000000089100000, 0x0000000089200000| Complete 
| 126|0x0000000089200000, 0x0000000089300000, 0x0000000089300000|100%| E|CS|TAMS 0x0000000089200000, 0x0000000089300000| Complete 
| 127|0x0000000089300000, 0x0000000089400000, 0x0000000089400000|100%| E|CS|TAMS 0x0000000089300000, 0x0000000089400000| Complete 

Card table byte_map: [0x0000021becdf0000,0x0000021bed1f0000] _byte_map_base: 0x0000021bec9e6000

Marking Bits (Prev, Next): (CMBitMap*) 0x0000021bd6187570, (CMBitMap*) 0x0000021bd61875b0
 Prev Bits: [0x0000021bed5f0000, 0x0000021bef5a0000)
 Next Bits: [0x0000021bef5a0000, 0x0000021bf1550000)

Polling page: 0x0000021bd40d0000

Metaspace:

Usage:
  Non-class:     18.23 MB used.
      Class:      2.52 MB used.
       Both:     20.75 MB used.

Virtual space:
  Non-class space:       64.00 MB reserved,      18.31 MB ( 29%) committed,  1 nodes.
      Class space:        1.00 GB reserved,       2.69 MB ( <1%) committed,  1 nodes.
             Both:        1.06 GB reserved,      21.00 MB (  2%) committed. 

Chunk freelists:
   Non-Class:  13.69 MB
       Class:  13.28 MB
        Both:  26.97 MB

MaxMetaspaceSize: unlimited
CompressedClassSpaceSize: 1.00 GB
Initial GC threshold: 21.00 MB
Current GC threshold: 21.00 MB
CDS: on
MetaspaceReclaimPolicy: balanced
 - commit_granule_bytes: 65536.
 - commit_granule_words: 8192.
 - virtual_space_node_default_size: 8388608.
 - enlarge_chunks_in_place: 1.
 - new_chunks_are_fully_committed: 0.
 - uncommit_free_chunks: 1.
 - use_allocation_guard: 0.
 - handle_deallocations: 1.


Internal statistics:

num_allocs_failed_limit: 3.
num_arena_births: 136.
num_arena_deaths: 0.
num_vsnodes_births: 2.
num_vsnodes_deaths: 0.
num_space_committed: 336.
num_space_uncommitted: 0.
num_chunks_returned_to_freelist: 3.
num_chunks_taken_from_freelist: 907.
num_chunk_merges: 3.
num_chunk_splits: 618.
num_chunks_enlarged: 484.
num_inconsistent_stats: 0.

CodeHeap 'non-profiled nmethods': size=120000Kb used=1693Kb max_used=1693Kb free=118306Kb
 bounds [0x0000021be54c0000, 0x0000021be5730000, 0x0000021bec9f0000]
CodeHeap 'profiled nmethods': size=120000Kb used=7853Kb max_used=7853Kb free=112146Kb
 bounds [0x0000021bdd9f0000, 0x0000021bde1a0000, 0x0000021be4f20000]
CodeHeap 'non-nmethods': size=5760Kb used=1196Kb max_used=1245Kb free=4563Kb
 bounds [0x0000021be4f20000, 0x0000021be5190000, 0x0000021be54c0000]
 total_blobs=4311 nmethods=3820 adapters=403
 compilation: enabled
              stopped_count=0, restarted_count=0
 full_count=0

Compilation events (20 events):
Event: 5.701 Thread 0x0000021bf39feee0 nmethod 3650 0x0000021be5664c90 code [0x0000021be5664e00, 0x0000021be5664e58]
Event: 5.701 Thread 0x0000021bf39feee0 3654       4       jdk.internal.jimage.ImageReader::requireOpen (18 bytes)
Event: 5.702 Thread 0x0000021bf39feee0 nmethod 3654 0x0000021be5664f90 code [0x0000021be5665100, 0x0000021be5665198]
Event: 5.702 Thread 0x0000021bf39feee0 3647       4       java.security.CodeSource::getCertificates (98 bytes)
Event: 5.703 Thread 0x0000021bf39feee0 nmethod 3647 0x0000021be5665290 code [0x0000021be5665400, 0x0000021be56654b8]
Event: 5.703 Thread 0x0000021bf8116520 nmethod 3732 0x0000021be5665590 code [0x0000021be5665720, 0x0000021be56658f8]
Event: 5.703 Thread 0x0000021bf39feee0 3709       4       jdk.nio.zipfs.ZipFileSystem$ParentLookup::equals (34 bytes)
Event: 5.703 Thread 0x0000021bf8116520 3711       4       java.util.Arrays::equals (56 bytes)
Event: 5.710 Thread 0x0000021bf39feee0 nmethod 3709 0x0000021be5665a10 code [0x0000021be5665ba0, 0x0000021be5665e78]
Event: 5.711 Thread 0x0000021bf8116520 nmethod 3711 0x0000021be5666190 code [0x0000021be5666320, 0x0000021be5666758]
Event: 5.721 Thread 0x0000021bf8116520 3816       4       jdk.internal.jimage.BasicImageReader::match (37 bytes)
Event: 5.728 Thread 0x0000021bf8116520 nmethod 3816 0x0000021be5666b10 code [0x0000021be5666cc0, 0x0000021be56670a8]
Event: 5.729 Thread 0x0000021bf3a02420 3817       3       java.lang.invoke.Invokers$Holder::invokeExact_MT (32 bytes)
Event: 5.729 Thread 0x0000021bf3a02420 nmethod 3817 0x0000021bde197310 code [0x0000021bde197520, 0x0000021bde197e38]
Event: 5.729 Thread 0x0000021bf3a02420 3818       3       java.lang.invoke.LambdaMetafactory::metafactory (71 bytes)
Event: 5.731 Thread 0x0000021bf3a02420 nmethod 3818 0x0000021bde198090 code [0x0000021bde198320, 0x0000021bde198e68]
Event: 5.731 Thread 0x0000021bf3a02420 3819       3       java.lang.invoke.MethodHandles$Lookup::getDirectMethodCommon (280 bytes)
Event: 5.733 Thread 0x0000021bf3a02420 nmethod 3819 0x0000021bde199390 code [0x0000021bde1996a0, 0x0000021bde19a738]
Event: 5.735 Thread 0x0000021bf3a02420 3820       3       java.lang.Module::isExported (18 bytes)
Event: 5.736 Thread 0x0000021bf3a02420 nmethod 3820 0x0000021bde19ad10 code [0x0000021bde19aee0, 0x0000021bde19b2e8]

GC Heap History (7 events):
Event: 0.831 GC heap before
{Heap before GC invocations=0 (full 0):
 garbage-first heap   total 131072K, used 13312K [0x0000000081400000, 0x0000000100000000)
  region size 1024K, 13 young (13312K), 0 survivors (0K)
 Metaspace       used 3572K, committed 3712K, reserved 1114112K
  class space    used 384K, committed 448K, reserved 1048576K
}
Event: 0.837 GC heap after
{Heap after GC invocations=1 (full 0):
 garbage-first heap   total 131072K, used 3157K [0x0000000081400000, 0x0000000100000000)
  region size 1024K, 2 young (2048K), 2 survivors (2048K)
 Metaspace       used 3572K, committed 3712K, reserved 1114112K
  class space    used 384K, committed 448K, reserved 1048576K
}
Event: 1.272 GC heap before
{Heap before GC invocations=1 (full 0):
 garbage-first heap   total 131072K, used 15445K [0x0000000081400000, 0x0000000100000000)
  region size 1024K, 14 young (14336K), 2 survivors (2048K)
 Metaspace       used 5579K, committed 5760K, reserved 1114112K
  class space    used 675K, committed 768K, reserved 1048576K
}
Event: 1.281 GC heap after
{Heap after GC invocations=2 (full 0):
 garbage-first heap   total 131072K, used 3873K [0x0000000081400000, 0x0000000100000000)
  region size 1024K, 1 young (1024K), 1 survivors (1024K)
 Metaspace       used 5579K, committed 5760K, reserved 1114112K
  class space    used 675K, committed 768K, reserved 1048576K
}
Event: 2.545 GC heap before
{Heap before GC invocations=2 (full 0):
 garbage-first heap   total 131072K, used 33569K [0x0000000081400000, 0x0000000100000000)
  region size 1024K, 30 young (30720K), 1 survivors (1024K)
 Metaspace       used 9891K, committed 10048K, reserved 1114112K
  class space    used 1204K, committed 1280K, reserved 1048576K
}
Event: 2.550 GC heap after
{Heap after GC invocations=3 (full 0):
 garbage-first heap   total 131072K, used 5311K [0x0000000081400000, 0x0000000100000000)
  region size 1024K, 3 young (3072K), 3 survivors (3072K)
 Metaspace       used 9891K, committed 10048K, reserved 1114112K
  class space    used 1204K, committed 1280K, reserved 1048576K
}
Event: 5.750 GC heap before
{Heap before GC invocations=3 (full 0):
 garbage-first heap   total 131072K, used 78015K [0x0000000081400000, 0x0000000100000000)
  region size 1024K, 71 young (72704K), 3 survivors (3072K)
 Metaspace       used 21250K, committed 21504K, reserved 1114112K
  class space    used 2581K, committed 2752K, reserved 1048576K
}

Deoptimization events (20 events):
Event: 5.346 Thread 0x0000021bd612b990 Uncommon trap: trap_request=0xffffff45 fr.pc=0x0000021be55537a4 relative=0x0000000000001004
Event: 5.346 Thread 0x0000021bd612b990 Uncommon trap: reason=unstable_if action=reinterpret pc=0x0000021be55537a4 method=jdk.internal.jimage.ImageLocation.verifyName(Ljava/lang/String;Ljava/lang/String;IIIIIILjdk/internal/jimage/ImageStrings;)Z @ 45 c2
Event: 5.346 Thread 0x0000021bd612b990 DEOPT PACKING pc=0x0000021be55537a4 sp=0x000000bac43fc5b0
Event: 5.346 Thread 0x0000021bd612b990 DEOPT UNPACKING pc=0x0000021be4f723a3 sp=0x000000bac43fc2d8 mode 2
Event: 5.350 Thread 0x0000021bd612b990 Uncommon trap: trap_request=0xffffffde fr.pc=0x0000021be56114dc relative=0x000000000000173c
Event: 5.350 Thread 0x0000021bd612b990 Uncommon trap: reason=class_check action=maybe_recompile pc=0x0000021be56114dc method=java.util.zip.InflaterInputStream.read([BII)I @ 100 c2
Event: 5.350 Thread 0x0000021bd612b990 DEOPT PACKING pc=0x0000021be56114dc sp=0x000000bac43fc930
Event: 5.350 Thread 0x0000021bd612b990 DEOPT UNPACKING pc=0x0000021be4f723a3 sp=0x000000bac43fc980 mode 2
Event: 5.465 Thread 0x0000021bd612b990 DEOPT PACKING pc=0x0000021bde16409d sp=0x000000bac43fc0d0
Event: 5.465 Thread 0x0000021bd612b990 DEOPT UNPACKING pc=0x0000021be4f72b43 sp=0x000000bac43fb550 mode 0
Event: 5.465 Thread 0x0000021bd612b990 DEOPT PACKING pc=0x0000021bde16523e sp=0x000000bac43fc0d0
Event: 5.466 Thread 0x0000021bd612b990 DEOPT UNPACKING pc=0x0000021be4f72b43 sp=0x000000bac43fb568 mode 0
Event: 5.501 Thread 0x0000021bd612b990 Uncommon trap: trap_request=0xffffff45 fr.pc=0x0000021be564dbd0 relative=0x0000000000000150
Event: 5.501 Thread 0x0000021bd612b990 Uncommon trap: reason=unstable_if action=reinterpret pc=0x0000021be564dbd0 method=java.util.Arrays.hashCode([B)I @ 1 c2
Event: 5.501 Thread 0x0000021bd612b990 DEOPT PACKING pc=0x0000021be564dbd0 sp=0x000000bac43fd100
Event: 5.501 Thread 0x0000021bd612b990 DEOPT UNPACKING pc=0x0000021be4f723a3 sp=0x000000bac43fd070 mode 2
Event: 5.568 Thread 0x0000021bd612b990 Uncommon trap: trap_request=0xffffffde fr.pc=0x0000021be56114dc relative=0x000000000000173c
Event: 5.568 Thread 0x0000021bd612b990 Uncommon trap: reason=class_check action=maybe_recompile pc=0x0000021be56114dc method=java.util.zip.InflaterInputStream.read([BII)I @ 100 c2
Event: 5.568 Thread 0x0000021bd612b990 DEOPT PACKING pc=0x0000021be56114dc sp=0x000000bac43fcb70
Event: 5.568 Thread 0x0000021bd612b990 DEOPT UNPACKING pc=0x0000021be4f723a3 sp=0x000000bac43fcba0 mode 2

Classes unloaded (0 events):
No events

Classes redefined (0 events):
No events

Internal exceptions (20 events):
Event: 3.419 Thread 0x0000021bd612b990 Exception <a 'java/lang/NoSuchMethodError'{0x0000000088331d10}: 'java.lang.Object java.lang.invoke.DirectMethodHandle$Holder.invokeStaticInit(java.lang.Object, int, int, int, int)'> (0x0000000088331d10) 
thrown [s\open\src\hotspot\share\interpreter\linkResolver.cpp, line 759]
Event: 3.638 Thread 0x0000021bd612b990 Exception <a 'java/lang/NoSuchMethodError'{0x0000000087fcca80}: 'void java.lang.invoke.DirectMethodHandle$Holder.invokeSpecial(java.lang.Object, java.lang.Object, java.lang.Object, java.lang.Object, java.lang.Object)'> (0x0000000087fcca80) 
thrown [s\open\src\hotspot\share\interpreter\linkResolver.cpp, line 759]
Event: 3.642 Thread 0x0000021bd612b990 Exception <a 'java/lang/NoSuchMethodError'{0x0000000087fea288}: 'java.lang.Object java.lang.invoke.DirectMethodHandle$Holder.invokeVirtual(java.lang.Object, java.lang.Object, java.lang.Object)'> (0x0000000087fea288) 
thrown [s\open\src\hotspot\share\interpreter\linkResolver.cpp, line 759]
Event: 3.646 Thread 0x0000021bd612b990 Exception <a 'java/lang/NoSuchMethodError'{0x0000000087ff94f8}: 'void java.lang.invoke.DirectMethodHandle$Holder.invokeSpecial(java.lang.Object, java.lang.Object, java.lang.Object, java.lang.Object, java.lang.Object, java.lang.Object)'> (0x0000000087ff94f8) 
thrown [s\open\src\hotspot\share\interpreter\linkResolver.cpp, line 759]
Event: 4.173 Thread 0x0000021bd612b990 Implicit null exception at 0x0000021be556c66a to 0x0000021be556c830
Event: 4.173 Thread 0x0000021bd612b990 Implicit null exception at 0x0000021be55d5f2f to 0x0000021be55d601c
Event: 4.174 Thread 0x0000021bd612b990 Implicit null exception at 0x0000021be556b6ea to 0x0000021be556b8a8
Event: 4.174 Thread 0x0000021bd612b990 Implicit null exception at 0x0000021be55449d8 to 0x0000021be5544a6e
Event: 4.231 Thread 0x0000021bd612b990 Exception <a 'java/lang/NoSuchMethodError'{0x000000008707d9c0}: 'java.lang.Object java.lang.invoke.DirectMethodHandle$Holder.newInvokeSpecial(java.lang.Object, java.lang.Object, java.lang.Object, java.lang.Object, java.lang.Object, java.lang.Object, java.lang.Object)'> (0x000000008707d9c0) 
thrown [s\open\src\hotspot\share\interpreter\linkResolver.cpp, line 759]
Event: 4.231 Thread 0x0000021bd612b990 Exception <a 'java/lang/NoSuchMethodError'{0x0000000087082818}: 'java.lang.Object java.lang.invoke.Invokers$Holder.linkToTargetMethod(java.lang.Object, java.lang.Object, java.lang.Object, java.lang.Object, java.lang.Object, java.lang.Object, java.lang.Object)'> (0x0000000087082818) 
thrown [s\open\src\hotspot\share\interpreter\linkResolver.cpp, line 759]
Event: 4.620 Thread 0x0000021bd612b990 Exception <a 'java/lang/NoSuchMethodError'{0x0000000086666f50}: 'int java.lang.invoke.DirectMethodHandle$Holder.invokeVirtual(java.lang.Object, java.lang.Object)'> (0x0000000086666f50) 
thrown [s\open\src\hotspot\share\interpreter\linkResolver.cpp, line 759]
Event: 4.682 Thread 0x0000021bd612b990 Exception <a 'java/lang/NoSuchMethodError'{0x00000000864532a8}: 'int java.lang.invoke.DirectMethodHandle$Holder.invokeStatic(java.lang.Object, java.lang.Object, int)'> (0x00000000864532a8) 
thrown [s\open\src\hotspot\share\interpreter\linkResolver.cpp, line 759]
Event: 5.170 Thread 0x0000021bd612b990 Exception <a 'java/lang/IncompatibleClassChangeError'{0x00000000857756d0}: Found class java.lang.Object, but interface was expected> (0x00000000857756d0) 
thrown [s\open\src\hotspot\share\interpreter\linkResolver.cpp, line 826]
Event: 5.172 Thread 0x0000021bd612b990 Exception <a 'java/lang/NoSuchMethodError'{0x000000008577b3c0}: 'void java.lang.invoke.DirectMethodHandle$Holder.invokeInterface(java.lang.Object, java.lang.Object, java.lang.Object)'> (0x000000008577b3c0) 
thrown [s\open\src\hotspot\share\interpreter\linkResolver.cpp, line 759]
Event: 5.340 Thread 0x0000021bd612b990 Exception <a 'java/lang/NoSuchMethodError'{0x00000000856e3850}: 'int java.lang.invoke.DirectMethodHandle$Holder.invokeInterface(java.lang.Object, java.lang.Object)'> (0x00000000856e3850) 
thrown [s\open\src\hotspot\share\interpreter\linkResolver.cpp, line 759]
Event: 5.360 Thread 0x0000021bd612b990 Exception <a 'java/lang/NoSuchMethodError'{0x0000000085529558}: 'int java.lang.invoke.DirectMethodHandle$Holder.invokeVirtual(java.lang.Object, java.lang.Object, java.lang.Object)'> (0x0000000085529558) 
thrown [s\open\src\hotspot\share\interpreter\linkResolver.cpp, line 759]
Event: 5.364 Thread 0x0000021bd612b990 Exception <a 'java/lang/NoSuchMethodError'{0x0000000085537d48}: 'int java.lang.invoke.DirectMethodHandle$Holder.invokeStaticInit(java.lang.Object, java.lang.Object, java.lang.Object)'> (0x0000000085537d48) 
thrown [s\open\src\hotspot\share\interpreter\linkResolver.cpp, line 759]
Event: 5.501 Thread 0x0000021bd612b990 Implicit null exception at 0x0000021be564da8c to 0x0000021be564dbc2
Event: 5.598 Thread 0x0000021bd612b990 Exception <a 'sun/nio/fs/WindowsException'{0x0000000084ee49c0}> (0x0000000084ee49c0) 
thrown [s\open\src\hotspot\share\prims\jni.cpp, line 516]
Event: 5.598 Thread 0x0000021bd612b990 Exception <a 'sun/nio/fs/WindowsException'{0x0000000084ee4cd0}> (0x0000000084ee4cd0) 
thrown [s\open\src\hotspot\share\prims\jni.cpp, line 516]

VM Operations (20 events):
Event: 4.408 Executing VM operation: ICBufferFull done
Event: 4.846 Executing VM operation: HandshakeAllThreads
Event: 4.847 Executing VM operation: HandshakeAllThreads done
Event: 4.849 Executing VM operation: ICBufferFull
Event: 4.849 Executing VM operation: ICBufferFull done
Event: 5.271 Executing VM operation: HandshakeAllThreads
Event: 5.271 Executing VM operation: HandshakeAllThreads done
Event: 5.338 Executing VM operation: HandshakeAllThreads
Event: 5.338 Executing VM operation: HandshakeAllThreads done
Event: 5.368 Executing VM operation: HandshakeAllThreads
Event: 5.368 Executing VM operation: HandshakeAllThreads done
Event: 5.384 Executing VM operation: HandshakeAllThreads
Event: 5.384 Executing VM operation: HandshakeAllThreads done
Event: 5.385 Executing VM operation: HandshakeAllThreads
Event: 5.385 Executing VM operation: HandshakeAllThreads done
Event: 5.570 Executing VM operation: HandshakeAllThreads
Event: 5.570 Executing VM operation: HandshakeAllThreads done
Event: 5.571 Executing VM operation: HandshakeAllThreads
Event: 5.571 Executing VM operation: HandshakeAllThreads done
Event: 5.750 Executing VM operation: CollectForMetadataAllocation

Events (20 events):
Event: 5.560 loading class jdk/internal/jrtfs/SystemImage$2
Event: 5.560 loading class jdk/internal/jrtfs/SystemImage$2 done
Event: 5.561 loading class jdk/internal/jimage/ImageReader$Directory
Event: 5.561 loading class jdk/internal/jimage/ImageReader$Node
Event: 5.562 loading class jdk/internal/jimage/ImageReader$Node done
Event: 5.562 loading class jdk/internal/jimage/ImageReader$Directory done
Event: 5.562 loading class jdk/internal/jrtfs/SystemImage$1
Event: 5.562 loading class jdk/internal/jrtfs/SystemImage$1 done
Event: 5.564 loading class java/util/regex/PatternSyntaxException
Event: 5.565 loading class java/util/regex/PatternSyntaxException done
Event: 5.565 loading class java/io/BufferedReader$1
Event: 5.565 loading class java/io/BufferedReader$1 done
Event: 5.568 loading class jdk/internal/jimage/ImageReader$SharedImageReader$LocationVisitor
Event: 5.569 loading class jdk/internal/jimage/ImageReader$SharedImageReader$LocationVisitor done
Event: 5.569 loading class java/nio/ByteBufferAsIntBufferL
Event: 5.570 loading class java/nio/ByteBufferAsIntBufferL done
Event: 5.571 loading class jdk/internal/jimage/ImageReader$Resource
Event: 5.571 loading class jdk/internal/jimage/ImageReader$Resource done
Event: 5.572 loading class jdk/internal/jrtfs/JrtFileAttributes
Event: 5.572 loading class jdk/internal/jrtfs/JrtFileAttributes done


Dynamic libraries:
0x00007ff791c90000 - 0x00007ff791ca0000 	C:\Program Files\Java\jdk-17\bin\java.exe
0x00007ff9371d0000 - 0x00007ff9373c8000 	C:\Windows\SYSTEM32\ntdll.dll
0x00007ff935b50000 - 0x00007ff935c12000 	C:\Windows\System32\KERNEL32.DLL
0x00007ff934ad0000 - 0x00007ff934dcf000 	C:\Windows\System32\KERNELBASE.dll
0x00007ff9350f0000 - 0x00007ff9351f0000 	C:\Windows\System32\ucrtbase.dll
0x00007ff92f370000 - 0x00007ff92f38b000 	C:\Program Files\Java\jdk-17\bin\VCRUNTIME140.dll
0x00007ff91d990000 - 0x00007ff91d9a9000 	C:\Program Files\Java\jdk-17\bin\jli.dll
0x00007ff935600000 - 0x00007ff9356af000 	C:\Windows\System32\ADVAPI32.dll
0x00007ff935550000 - 0x00007ff9355ee000 	C:\Windows\System32\msvcrt.dll
0x00007ff9356d0000 - 0x00007ff93576f000 	C:\Windows\System32\sechost.dll
0x00007ff935c90000 - 0x00007ff935db3000 	C:\Windows\System32\RPCRT4.dll
0x00007ff9348c0000 - 0x00007ff9348e7000 	C:\Windows\System32\bcrypt.dll
0x00007ff936e00000 - 0x00007ff936f9d000 	C:\Windows\System32\USER32.dll
0x00007ff934aa0000 - 0x00007ff934ac2000 	C:\Windows\System32\win32u.dll
0x00007ff936dd0000 - 0x00007ff936dfb000 	C:\Windows\System32\GDI32.dll
0x00007ff934dd0000 - 0x00007ff934eea000 	C:\Windows\System32\gdi32full.dll
0x00007ff935050000 - 0x00007ff9350ed000 	C:\Windows\System32\msvcp_win.dll
0x00007ff926150000 - 0x00007ff9263ea000 	C:\Windows\WinSxS\amd64_microsoft.windows.common-controls_6595b64144ccf1df_6.0.19041.4355_none_60b8b9eb71f62e16\COMCTL32.dll
0x00007ff928ab0000 - 0x00007ff928aba000 	C:\Windows\SYSTEM32\VERSION.dll
0x00007ff937040000 - 0x00007ff93706f000 	C:\Windows\System32\IMM32.DLL
0x00007ff931a50000 - 0x00007ff931a5c000 	C:\Program Files\Java\jdk-17\bin\vcruntime140_1.dll
0x00007ff917620000 - 0x00007ff9176ae000 	C:\Program Files\Java\jdk-17\bin\msvcp140.dll
0x00007ff8ceee0000 - 0x00007ff8cfac0000 	C:\Program Files\Java\jdk-17\bin\server\jvm.dll
0x00007ff937030000 - 0x00007ff937038000 	C:\Windows\System32\PSAPI.DLL
0x00007ff931b50000 - 0x00007ff931b59000 	C:\Windows\SYSTEM32\WSOCK32.dll
0x00007ff9369b0000 - 0x00007ff936a1b000 	C:\Windows\System32\WS2_32.dll
0x00007ff931670000 - 0x00007ff931697000 	C:\Windows\SYSTEM32\WINMM.dll
0x00007ff9326f0000 - 0x00007ff932702000 	C:\Windows\SYSTEM32\kernel.appcore.dll
0x00007ff931a40000 - 0x00007ff931a4a000 	C:\Program Files\Java\jdk-17\bin\jimage.dll
0x00007ff9264e0000 - 0x00007ff9266c4000 	C:\Windows\SYSTEM32\DBGHELP.DLL
0x00007ff925110000 - 0x00007ff925144000 	C:\Windows\SYSTEM32\dbgcore.DLL
0x00007ff9349a0000 - 0x00007ff934a22000 	C:\Windows\System32\bcryptPrimitives.dll
0x00007ff92f140000 - 0x00007ff92f165000 	C:\Program Files\Java\jdk-17\bin\java.dll
0x00007ff9123e0000 - 0x00007ff9124b7000 	C:\Program Files\Java\jdk-17\bin\jsvml.dll
0x00007ff936240000 - 0x00007ff9369ad000 	C:\Windows\System32\SHELL32.dll
0x00007ff9328f0000 - 0x00007ff933094000 	C:\Windows\SYSTEM32\windows.storage.dll
0x00007ff9351f0000 - 0x00007ff935545000 	C:\Windows\System32\combase.dll
0x00007ff9341d0000 - 0x00007ff9341fb000 	C:\Windows\SYSTEM32\Wldp.dll
0x00007ff936a20000 - 0x00007ff936aed000 	C:\Windows\System32\OLEAUT32.dll
0x00007ff936af0000 - 0x00007ff936b9d000 	C:\Windows\System32\SHCORE.dll
0x00007ff935c20000 - 0x00007ff935c75000 	C:\Windows\System32\shlwapi.dll
0x00007ff9347a0000 - 0x00007ff9347c5000 	C:\Windows\SYSTEM32\profapi.dll
0x00007ff92ee40000 - 0x00007ff92ee59000 	C:\Program Files\Java\jdk-17\bin\net.dll
0x00007ff92b340000 - 0x00007ff92b44a000 	C:\Windows\SYSTEM32\WINHTTP.dll
0x00007ff933f30000 - 0x00007ff933f9c000 	C:\Windows\system32\mswsock.dll
0x00007ff92ec70000 - 0x00007ff92ec86000 	C:\Program Files\Java\jdk-17\bin\nio.dll
0x00007ff921780000 - 0x00007ff921798000 	C:\Program Files\Java\jdk-17\bin\zip.dll
0x00007ff91d310000 - 0x00007ff91d334000 	C:\Program Files\NetBeans-24\netbeans\java\maven\lib\jansi-native\Windows\x86_64\jansi.dll
0x00007ff931640000 - 0x00007ff931650000 	C:\Program Files\Java\jdk-17\bin\verify.dll

dbghelp: loaded successfully - version: 4.0.5 - missing functions: none
symbol engine: initialized successfully - sym options: 0x614 - pdb path: .;C:\Program Files\Java\jdk-17\bin;C:\Windows\SYSTEM32;C:\Windows\WinSxS\amd64_microsoft.windows.common-controls_6595b64144ccf1df_6.0.19041.4355_none_60b8b9eb71f62e16;C:\Program Files\Java\jdk-17\bin\server;C:\Program Files\NetBeans-24\netbeans\java\maven\lib\jansi-native\Windows\x86_64

VM Arguments:
jvm_args: -Dclassworlds.conf=C:\Program Files\NetBeans-24\netbeans\java\maven\bin\m2.conf -Dmaven.home=C:\Program Files\NetBeans-24\netbeans\java\maven -Dlibrary.jansi.path=C:\Program Files\NetBeans-24\netbeans\java\maven\lib\jansi-native -Dmaven.multiModuleProjectDirectory=C:\Users\Adrian\Documents\NetBeansProjects\guia-Corte2 
java_command: org.codehaus.plexus.classworlds.launcher.Launcher -Dexec.vmArgs= -Dexec.args=${exec.vmArgs} -classpath %classpath ${exec.mainClass} ${exec.appArgs} -Dexec.executable=C:\Program Files\Java\jdk-17\bin\java.exe -Dexec.mainClass=Guiados_03.CuadrosDeLista -Dexec.classpathScope=runtime -Dexec.appArgs= -Dmaven.ext.class.path=C:\Program Files\NetBeans-24\netbeans\java\maven-nblib\netbeans-eventspy.jar --no-transfer-progress process-classes org.codehaus.mojo:exec-maven-plugin:3.1.0:exec
java_class_path (initial): C:\Program Files\NetBeans-24\netbeans\java\maven\boot\plexus-classworlds-2.8.0.jar
Launcher Type: SUN_STANDARD

[Global flags]
     intx CICompilerCount                          = 3                                         {product} {ergonomic}
     uint ConcGCThreads                            = 1                                         {product} {ergonomic}
     uint G1ConcRefinementThreads                  = 4                                         {product} {ergonomic}
   size_t G1HeapRegionSize                         = 1048576                                   {product} {ergonomic}
    uintx GCDrainStackTargetSize                   = 64                                        {product} {ergonomic}
   size_t InitialHeapSize                          = 134217728                                 {product} {ergonomic}
   size_t MarkStackSize                            = 4194304                                   {product} {ergonomic}
   size_t MaxHeapSize                              = 2126512128                                {product} {ergonomic}
   size_t MaxNewSize                               = 1275068416                                {product} {ergonomic}
   size_t MinHeapDeltaBytes                        = 1048576                                   {product} {ergonomic}
   size_t MinHeapSize                              = 8388608                                   {product} {ergonomic}
    uintx NonNMethodCodeHeapSize                   = 5832780                                {pd product} {ergonomic}
    uintx NonProfiledCodeHeapSize                  = 122912730                              {pd product} {ergonomic}
    uintx ProfiledCodeHeapSize                     = 122912730                              {pd product} {ergonomic}
    uintx ReservedCodeCacheSize                    = 251658240                              {pd product} {ergonomic}
     bool SegmentedCodeCache                       = true                                      {product} {ergonomic}
   size_t SoftMaxHeapSize                          = 2126512128                             {manageable} {ergonomic}
     bool UseCompressedClassPointers               = true                           {product lp64_product} {ergonomic}
     bool UseCompressedOops                        = true                           {product lp64_product} {ergonomic}
     bool UseG1GC                                  = true                                      {product} {ergonomic}
     bool UseLargePagesIndividualAllocation        = false                                  {pd product} {ergonomic}

Logging:
Log output configuration:
 #0: stdout all=warning uptime,level,tags
 #1: stderr all=off uptime,level,tags

Environment Variables:
JAVA_HOME=C:\Program Files\Java\jdk-17
PATH=C:\Program Files\Common Files\Oracle\Java\javapath;C:\Windows\system32;C:\Windows;C:\Windows\System32\Wbem;C:\Windows\System32\WindowsPowerShell\v1.0\;C:\Windows\System32\OpenSSH\;C:\Program Files\dotnet\;C:\Program Files\Git\cmd;C:\Users\Adrian\AppData\Local\Programs\Python\Python313\Scripts\;C:\Users\Adrian\AppData\Local\Programs\Python\Python313\;C:\Users\Adrian\AppData\Local\Microsoft\WindowsApps;C:\Users\Adrian\AppData\Local\Programs\Microsoft VS Code\bin;C:\Users\Adrian\.dotnet\tools
USERNAME=Adrian
OS=Windows_NT
PROCESSOR_IDENTIFIER=Intel64 Family 6 Model 61 Stepping 4, GenuineIntel



---------------  S Y S T E M  ---------------

OS:
 Windows 10 , 64 bit Build 19041 (10.0.19041.5438)
OS uptime: 1 days 3:14 hours

CPU: total 4 (initial active 4) (2 cores per cpu, 2 threads per core) family 6 model 61 stepping 4 microcode 0x2d, cx8, cmov, fxsr, ht, mmx, 3dnowpref, sse, sse2, sse3, ssse3, sse4.1, sse4.2, popcnt, lzcnt, tsc, tscinvbit, avx, avx2, aes, erms, clmul, bmi1, bmi2, adx, fma, vzeroupper, clflush

Memory: 4k page, system-wide physical 8110M (2590M free)
TotalPageFile size 9390M (AvailPageFile size 2740M)
current process WorkingSet (physical memory assigned to process): 180M, peak: 180M
current process commit charge ("private bytes"): 253M, peak: 257M

vm_info: Java HotSpot(TM) 64-Bit Server VM (17.0.12+8-LTS-286) for windows-amd64 JRE (17.0.12+8-LTS-286), built on Jun  5 2024 06:46:59 by "mach5one" with MS VC++ 17.6 (VS2022)

END.
